Mplus VERSION 7.4 (Mac)
MUTHEN & MUTHEN
11/14/2025   1:37 PM

INPUT INSTRUCTIONS

  ! NOTES:
  ! for laura: i organized it so that siu is lowercase and SIB is upper, for readability
  		! PCENTERED MEAN = a suffix of "_c" denotes person-centered means
  		! TIMEPOINTS = time is represented according to the numerical value in the variable name
  		! VARIABLE TYPE = the type of variable is represented through "int" (intensity), "bin" (
  		! siu = self-injurious urges
  		! SIB = self-injurious behavior
  		! NA = negative affect
  		! PA = positive affect
  		
  		
  ! Lisa! Could you please double check Laura and I's code
  ! Please check for:
  	! Whether the variables (under VARIABLE) have been specified correctly (i.e., correspondi
  	! Between-level random intercepts for predictor variables per person (siu_int1_c, NA_int0
  		!(When we try to run the model, it says "One or more between-level variables have variat
    		! one or more clusters.  Check your data and format statement."
  	! Within person time-varying relationships between NA_int0_c (predictor), siu_int1_c (med
  	! Did we do the autoregressive paths correctly
  TITLE: DSEM mediation (short names) ;
  DATA: FILE = prepped_data.dat;  ! <-- put full path or file in Mplus working directory
        LISTWISE = ON;
  VARIABLE:
    MISSING ARE ALL (999);
    NAMES = ID obs_num obs_total day_num day_total
            siu_count0 siu_count1 siu_int0 siu_int1 siu_bin0 siu_bin1
            SIB_bin0 SIB_bin1 SIB_bin2 SIB_count0 SIB_count2
            NA0_c PA0_c NA1_c PA1_c;
    USEVARIABLES = ID NA0_c NA1_c PA0_c PA1_c siu_int0 siu_int1 SIB_bin0 SIB_bin1 SIB_bin2;
    CLUSTER = ID;
    WITHIN = NA0_c NA1_c PA0_c PA1_c siu_int0 siu_int1 SIB_bin0 SIB_bin1 SIB_bin2;
    BETWEEN = ;  ! keep empty if you don't have person-level (cluster) predictors
    CATEGORICAL = SIB_bin2;

  ANALYSIS:
    TYPE = TWOLEVEL RANDOM;
    !RANDOM = siu1_c NA1_c NA0_c;  ! declare random intercepts/slopes you want estimated
    LINK = LOGIT;
    ESTIMATOR = ML;

  MODEL:
    %WITHIN%
      ! autoregressive within-person
      NA1_c  ON NA0_c;
      PA1_c  ON PA0_c;
      siu_int1 ON siu_int0;
      SIB_bin2  ON SIB_bin1 SIB_bin0;
      SIB_bin1  ON SIB_bin0;

      ! lagged mediation paths (within-person)
      siu_int1 ON NA0_c (a1);
      siu_int1 ON PA0_c (x1);
      SIB_bin2  ON siu_int1 (b1);
      SIB_bin2  ON NA0_c (cdash);
      SIB_bin2  ON PA0_c (zdash);

    %BETWEEN%

  MODEL CONSTRAINT:
    NEW(a1b1 TOTAL x1b1 TOTAL_PA);
    a1b1 = a1 * b1;
    TOTAL = a1 * b1 + cdash;
    x1b1 = x1 * b1;
    TOTAL_PA = x1 * b1 + zdash;

  OUTPUT:
    STANDARDIZED (STDYX);
    MODINDICES (10);



*** WARNING
  Input line exceeded 90 characters. Some input may be truncated.
  		! VARIABLE TYPE = the type of variable is represented through "int" (intensity), "bin" (b
*** WARNING
  Input line exceeded 90 characters. Some input may be truncated.
  	! Whether the variables (under VARIABLE) have been specified correctly (i.e., correspondin
*** WARNING
  Input line exceeded 90 characters. Some input may be truncated.
  	! Between-level random intercepts for predictor variables per person (siu_int1_c, NA_int0_
*** WARNING
  Input line exceeded 90 characters. Some input may be truncated.
  		!(When we try to run the model, it says "One or more between-level variables have variati
*** WARNING
  Input line exceeded 90 characters. Some input may be truncated.
  	! Within person time-varying relationships between NA_int0_c (predictor), siu_int1_c (medi
*** WARNING in OUTPUT command
  MODINDICES option is not available for ALGORITHM=INTEGRATION.
  Request for MODINDICES is ignored.
   6 WARNING(S) FOUND IN THE INPUT INSTRUCTIONS



DSEM mediation (short names) ;

SUMMARY OF ANALYSIS

Number of groups                                                 1
Number of observations                                          56

Number of dependent variables                                    5
Number of independent variables                                  4
Number of continuous latent variables                            0

Observed dependent variables

  Continuous
   NA1_C       PA1_C       SIU_INT1    SIB_BIN1

  Binary and ordered categorical (ordinal)
   SIB_BIN2

Observed independent variables
   NA0_C       PA0_C       SIU_INT0    SIB_BIN0

Variables with special functions

  Cluster variable      ID

  Within variables
   NA0_C       NA1_C       PA0_C       PA1_C       SIU_INT0    SIU_INT1
   SIB_BIN0    SIB_BIN1    SIB_BIN2


Estimator                                                       ML
Information matrix                                        OBSERVED
Optimization Specifications for the Quasi-Newton Algorithm for
Continuous Outcomes
  Maximum number of iterations                                 100
  Convergence criterion                                  0.100D-05
Optimization Specifications for the EM Algorithm
  Maximum number of iterations                                 500
  Convergence criteria
    Loglikelihood change                                 0.100D-02
    Relative loglikelihood change                        0.100D-05
    Derivative                                           0.100D-02
Optimization Specifications for the M step of the EM Algorithm for
Categorical Latent variables
  Number of M step iterations                                    1
  M step convergence criterion                           0.100D-02
  Basis for M step termination                           ITERATION
Optimization Specifications for the M step of the EM Algorithm for
Censored, Binary or Ordered Categorical (Ordinal), Unordered
Categorical (Nominal) and Count Outcomes
  Number of M step iterations                                    1
  M step convergence criterion                           0.100D-02
  Basis for M step termination                           ITERATION
  Maximum value for logit thresholds                            15
  Minimum value for logit thresholds                           -15
  Minimum expected cell size for chi-square              0.100D-01
Optimization algorithm                                         EMA
Integration Specifications
  Type                                                    STANDARD
  Number of integration points                                  15
  Dimensions of numerical integration                            0
  Adaptive quadrature                                           ON
Link                                                         LOGIT
Cholesky                                                       OFF

Input data file(s)
  prepped_data.dat
Input data format  FREE


SUMMARY OF DATA

     Number of clusters                         23



UNIVARIATE PROPORTIONS AND COUNTS FOR CATEGORICAL VARIABLES

    SIB_BIN2
      Category 1    0.536           30.000
      Category 2    0.464           26.000



THE MODEL ESTIMATION TERMINATED NORMALLY



MODEL FIT INFORMATION

Number of Free Parameters                       21

Loglikelihood

          H0 Value                        -323.040

Information Criteria

          Akaike (AIC)                     688.079
          Bayesian (BIC)                   730.611
          Sample-Size Adjusted BIC         664.609
            (n* = (n + 2) / 24)



MODEL RESULTS

                                                    Two-Tailed
                    Estimate       S.E.  Est./S.E.    P-Value

Within Level

 NA1_C      ON
    NA0_C              0.751      0.150      5.004      0.000

 PA1_C      ON
    PA0_C              0.293      0.140      2.094      0.036

 SIU_INT1   ON
    SIU_INT0           0.049      0.130      0.378      0.706
    NA0_C             38.975     14.178      2.749      0.006
    PA0_C              3.852      3.648      1.056      0.291

 SIB_BIN2   ON
    SIB_BIN1           1.026      0.735      1.396      0.163
    SIB_BIN0           0.719      0.751      0.957      0.339
    SIU_INT1           0.009      0.023      0.374      0.708
    NA0_C              8.580      2.935      2.924      0.003
    PA0_C              1.226      0.635      1.932      0.053

 SIB_BIN1   ON
    SIB_BIN0           0.321      0.122      2.634      0.008

 PA1_C    WITH
    NA1_C             -0.023      0.014     -1.604      0.109

 Intercepts
    NA1_C              0.003      0.025      0.101      0.920
    PA1_C             -0.064      0.083     -0.775      0.439
    SIU_INT1          -2.855      2.361     -1.209      0.226
    SIB_BIN1           0.464      0.086      5.380      0.000

 Thresholds
    SIB_BIN2$1         1.812      0.696      2.603      0.009

 Residual Variances
    NA1_C              0.026      0.005      5.262      0.000
    PA1_C              0.371      0.070      5.276      0.000
    SIU_INT1         224.231     42.376      5.292      0.000
    SIB_BIN1           0.209      0.039      5.292      0.000

Between Level

New/Additional Parameters
    A1B1               0.340      0.918      0.371      0.711
    TOTAL              8.921      2.775      3.214      0.001
    X1B1               0.034      0.095      0.353      0.724
    TOTAL_PA           1.260      0.631      1.996      0.046


LOGISTIC REGRESSION ODDS RATIO RESULTS

Within Level

 SIB_BIN2   ON
    SIB_BIN1           2.790
    SIB_BIN0           2.052
    SIU_INT1           1.009
    NA0_C           5324.862
    PA0_C              3.409


STANDARDIZED MODEL RESULTS


STDYX Standardization

                                                    Two-Tailed
                    Estimate       S.E.  Est./S.E.    P-Value

Within Level

 NA1_C      ON
    NA0_C              0.565      0.096      5.898      0.000

 PA1_C      ON
    PA0_C              0.269      0.122      2.205      0.027

 SIU_INT1   ON
    SIU_INT0           0.049      0.129      0.378      0.705
    NA0_C              0.355      0.121      2.924      0.003
    PA0_C              0.140      0.132      1.064      0.287

 SIB_BIN2   ON
    SIB_BIN1           0.208      0.140      1.479      0.139
    SIB_BIN0           0.150      0.153      0.983      0.325
    SIU_INT1           0.058      0.155      0.377      0.706
    NA0_C              0.522      0.141      3.696      0.000
    PA0_C              0.298      0.140      2.126      0.034

 SIB_BIN1   ON
    SIB_BIN0           0.332      0.119      2.792      0.005

 PA1_C    WITH
    NA1_C             -0.236      0.136     -1.739      0.082

 Intercepts
    NA1_C              0.013      0.131      0.100      0.920
    PA1_C             -0.102      0.133     -0.767      0.443
    SIU_INT1          -0.179      0.145     -1.232      0.218
    SIB_BIN1           0.959      0.224      4.284      0.000

 Thresholds
    SIB_BIN2$1         0.758      0.234      3.242      0.001

 Residual Variances
    NA1_C              0.681      0.108      6.306      0.000
    PA1_C              0.928      0.066     14.134      0.000
    SIU_INT1           0.877      0.082     10.663      0.000
    SIB_BIN1           0.890      0.079     11.271      0.000

Between Level


R-SQUARE

Within Level

    Observed                                        Two-Tailed
    Variable        Estimate       S.E.  Est./S.E.    P-Value

    SIB_BIN2           0.424      0.148      2.859      0.004
    NA1_C              0.319      0.108      2.949      0.003
    PA1_C              0.072      0.066      1.102      0.270
    SIU_INT1           0.123      0.082      1.497      0.134
    SIB_BIN1           0.110      0.079      1.396      0.163

Between Level


QUALITY OF NUMERICAL RESULTS

     Condition Number for the Information Matrix              0.169E-06
       (ratio of smallest to largest eigenvalue)


DIAGRAM INFORMATION

  Mplus diagrams are currently not available for multilevel analysis.
  No diagram output was produced.


     Beginning Time:  13:37:57
        Ending Time:  13:37:57
       Elapsed Time:  00:00:00



MUTHEN & MUTHEN
3463 Stoner Ave.
Los Angeles, CA  90066

Tel: (310) 391-9971
Fax: (310) 391-8971
Web: www.StatModel.com
Support: Support@StatModel.com

Copyright (c) 1998-2015 Muthen & Muthen
